2018-07-03 09:56:28,287 [myid:] - INFO  [main:QuorumPeerConfig@124] - Reading configuration from: /opt/zookeeper/bin/../conf/zoo.cfg
2018-07-03 09:56:28,307 [myid:] - INFO  [main:QuorumPeer$QuorumServer@149] - Resolved hostname: master to address: master/192.100.50.169
2018-07-03 09:56:28,308 [myid:] - INFO  [main:QuorumPeer$QuorumServer@149] - Resolved hostname: slaver2 to address: slaver2/192.100.50.171
2018-07-03 09:56:28,308 [myid:] - INFO  [main:QuorumPeer$QuorumServer@149] - Resolved hostname: slaver1 to address: slaver1/192.100.50.170
2018-07-03 09:56:28,308 [myid:] - INFO  [main:QuorumPeerConfig@352] - Defaulting to majority quorums
2018-07-03 09:56:28,315 [myid:1] - INFO  [main:DatadirCleanupManager@78] - autopurge.snapRetainCount set to 3
2018-07-03 09:56:28,315 [myid:1] - INFO  [main:DatadirCleanupManager@79] - autopurge.purgeInterval set to 0
2018-07-03 09:56:28,315 [myid:1] - INFO  [main:DatadirCleanupManager@101] - Purge task is not scheduled.
2018-07-03 09:56:28,323 [myid:1] - INFO  [main:QuorumPeerMain@127] - Starting quorum peer
2018-07-03 09:56:28,334 [myid:1] - INFO  [main:NIOServerCnxnFactory@89] - binding to port 0.0.0.0/0.0.0.0:2181
2018-07-03 09:56:28,344 [myid:1] - INFO  [main:QuorumPeer@1019] - tickTime set to 2000
2018-07-03 09:56:28,344 [myid:1] - INFO  [main:QuorumPeer@1039] - minSessionTimeout set to -1
2018-07-03 09:56:28,344 [myid:1] - INFO  [main:QuorumPeer@1050] - maxSessionTimeout set to -1
2018-07-03 09:56:28,344 [myid:1] - INFO  [main:QuorumPeer@1065] - initLimit set to 10
2018-07-03 09:56:28,358 [myid:1] - INFO  [main:FileSnap@83] - Reading snapshot /opt/zookeeper/version-2/snapshot.100000010
2018-07-03 09:56:28,384 [myid:1] - INFO  [ListenerThread:QuorumCnxManager$Listener@534] - My election bind port: master/192.100.50.169:3888
2018-07-03 09:56:28,395 [myid:1] - INFO  [QuorumPeer[myid=1]/0:0:0:0:0:0:0:0:2181:QuorumPeer@774] - LOOKING
2018-07-03 09:56:28,396 [myid:1] - INFO  [QuorumPeer[myid=1]/0:0:0:0:0:0:0:0:2181:FastLeaderElection@818] - New election. My id =  1, proposed zxid=0x30000000d
2018-07-03 09:56:28,401 [myid:1] - INFO  [WorkerReceiver[myid=1]:FastLeaderElection@600] - Notification: 1 (message format version), 1 (n.leader), 0x30000000d (n.zxid), 0x1 (n.round), LOOKING (n.state), 1 (n.sid), 0x3 (n.peerEpoch) LOOKING (my state)
2018-07-03 09:56:28,402 [myid:1] - WARN  [WorkerSender[myid=1]:QuorumCnxManager@400] - Cannot open channel to 2 at election address slaver1/192.100.50.170:3888
java.net.ConnectException: Connection refused (Connection refused)
	at java.net.PlainSocketImpl.socketConnect(Native Method)
	at java.net.AbstractPlainSocketImpl.doConnect(AbstractPlainSocketImpl.java:350)
	at java.net.AbstractPlainSocketImpl.connectToAddress(AbstractPlainSocketImpl.java:206)
	at java.net.AbstractPlainSocketImpl.connect(AbstractPlainSocketImpl.java:188)
	at java.net.SocksSocketImpl.connect(SocksSocketImpl.java:392)
	at java.net.Socket.connect(Socket.java:589)
	at org.apache.zookeeper.server.quorum.QuorumCnxManager.connectOne(QuorumCnxManager.java:381)
	at org.apache.zookeeper.server.quorum.QuorumCnxManager.toSend(QuorumCnxManager.java:354)
	at org.apache.zookeeper.server.quorum.FastLeaderElection$Messenger$WorkerSender.process(FastLeaderElection.java:452)
	at org.apache.zookeeper.server.quorum.FastLeaderElection$Messenger$WorkerSender.run(FastLeaderElection.java:433)
	at java.lang.Thread.run(Thread.java:748)
2018-07-03 09:56:28,404 [myid:1] - INFO  [WorkerSender[myid=1]:QuorumPeer$QuorumServer@149] - Resolved hostname: slaver1 to address: slaver1/192.100.50.170
2018-07-03 09:56:28,405 [myid:1] - WARN  [WorkerSender[myid=1]:QuorumCnxManager@400] - Cannot open channel to 3 at election address slaver2/192.100.50.171:3888
java.net.ConnectException: Connection refused (Connection refused)
	at java.net.PlainSocketImpl.socketConnect(Native Method)
	at java.net.AbstractPlainSocketImpl.doConnect(AbstractPlainSocketImpl.java:350)
	at java.net.AbstractPlainSocketImpl.connectToAddress(AbstractPlainSocketImpl.java:206)
	at java.net.AbstractPlainSocketImpl.connect(AbstractPlainSocketImpl.java:188)
	at java.net.SocksSocketImpl.connect(SocksSocketImpl.java:392)
	at java.net.Socket.connect(Socket.java:589)
	at org.apache.zookeeper.server.quorum.QuorumCnxManager.connectOne(QuorumCnxManager.java:381)
	at org.apache.zookeeper.server.quorum.QuorumCnxManager.toSend(QuorumCnxManager.java:354)
	at org.apache.zookeeper.server.quorum.FastLeaderElection$Messenger$WorkerSender.process(FastLeaderElection.java:452)
	at org.apache.zookeeper.server.quorum.FastLeaderElection$Messenger$WorkerSender.run(FastLeaderElection.java:433)
	at java.lang.Thread.run(Thread.java:748)
2018-07-03 09:56:28,405 [myid:1] - INFO  [WorkerSender[myid=1]:QuorumPeer$QuorumServer@149] - Resolved hostname: slaver2 to address: slaver2/192.100.50.171
2018-07-03 09:56:28,607 [myid:1] - WARN  [QuorumPeer[myid=1]/0:0:0:0:0:0:0:0:2181:QuorumCnxManager@400] - Cannot open channel to 2 at election address slaver1/192.100.50.170:3888
java.net.ConnectException: Connection refused (Connection refused)
	at java.net.PlainSocketImpl.socketConnect(Native Method)
	at java.net.AbstractPlainSocketImpl.doConnect(AbstractPlainSocketImpl.java:350)
	at java.net.AbstractPlainSocketImpl.connectToAddress(AbstractPlainSocketImpl.java:206)
	at java.net.AbstractPlainSocketImpl.connect(AbstractPlainSocketImpl.java:188)
	at java.net.SocksSocketImpl.connect(SocksSocketImpl.java:392)
	at java.net.Socket.connect(Socket.java:589)
	at org.apache.zookeeper.server.quorum.QuorumCnxManager.connectOne(QuorumCnxManager.java:381)
	at org.apache.zookeeper.server.quorum.QuorumCnxManager.connectAll(QuorumCnxManager.java:426)
	at org.apache.zookeeper.server.quorum.FastLeaderElection.lookForLeader(FastLeaderElection.java:843)
	at org.apache.zookeeper.server.quorum.QuorumPeer.run(QuorumPeer.java:822)
2018-07-03 09:56:28,608 [myid:1] - INFO  [QuorumPeer[myid=1]/0:0:0:0:0:0:0:0:2181:QuorumPeer$QuorumServer@149] - Resolved hostname: slaver1 to address: slaver1/192.100.50.170
2018-07-03 09:56:28,609 [myid:1] - WARN  [QuorumPeer[myid=1]/0:0:0:0:0:0:0:0:2181:QuorumCnxManager@400] - Cannot open channel to 3 at election address slaver2/192.100.50.171:3888
java.net.ConnectException: Connection refused (Connection refused)
	at java.net.PlainSocketImpl.socketConnect(Native Method)
	at java.net.AbstractPlainSocketImpl.doConnect(AbstractPlainSocketImpl.java:350)
	at java.net.AbstractPlainSocketImpl.connectToAddress(AbstractPlainSocketImpl.java:206)
	at java.net.AbstractPlainSocketImpl.connect(AbstractPlainSocketImpl.java:188)
	at java.net.SocksSocketImpl.connect(SocksSocketImpl.java:392)
	at java.net.Socket.connect(Socket.java:589)
	at org.apache.zookeeper.server.quorum.QuorumCnxManager.connectOne(QuorumCnxManager.java:381)
	at org.apache.zookeeper.server.quorum.QuorumCnxManager.connectAll(QuorumCnxManager.java:426)
	at org.apache.zookeeper.server.quorum.FastLeaderElection.lookForLeader(FastLeaderElection.java:843)
	at org.apache.zookeeper.server.quorum.QuorumPeer.run(QuorumPeer.java:822)
2018-07-03 09:56:28,609 [myid:1] - INFO  [QuorumPeer[myid=1]/0:0:0:0:0:0:0:0:2181:QuorumPeer$QuorumServer@149] - Resolved hostname: slaver2 to address: slaver2/192.100.50.171
2018-07-03 09:56:28,610 [myid:1] - INFO  [QuorumPeer[myid=1]/0:0:0:0:0:0:0:0:2181:FastLeaderElection@852] - Notification time out: 400
2018-07-03 09:56:29,012 [myid:1] - WARN  [QuorumPeer[myid=1]/0:0:0:0:0:0:0:0:2181:QuorumCnxManager@400] - Cannot open channel to 2 at election address slaver1/192.100.50.170:3888
java.net.ConnectException: Connection refused (Connection refused)
	at java.net.PlainSocketImpl.socketConnect(Native Method)
	at java.net.AbstractPlainSocketImpl.doConnect(AbstractPlainSocketImpl.java:350)
	at java.net.AbstractPlainSocketImpl.connectToAddress(AbstractPlainSocketImpl.java:206)
	at java.net.AbstractPlainSocketImpl.connect(AbstractPlainSocketImpl.java:188)
	at java.net.SocksSocketImpl.connect(SocksSocketImpl.java:392)
	at java.net.Socket.connect(Socket.java:589)
	at org.apache.zookeeper.server.quorum.QuorumCnxManager.connectOne(QuorumCnxManager.java:381)
	at org.apache.zookeeper.server.quorum.QuorumCnxManager.connectAll(QuorumCnxManager.java:426)
	at org.apache.zookeeper.server.quorum.FastLeaderElection.lookForLeader(FastLeaderElection.java:843)
	at org.apache.zookeeper.server.quorum.QuorumPeer.run(QuorumPeer.java:822)
2018-07-03 09:56:29,013 [myid:1] - INFO  [QuorumPeer[myid=1]/0:0:0:0:0:0:0:0:2181:QuorumPeer$QuorumServer@149] - Resolved hostname: slaver1 to address: slaver1/192.100.50.170
2018-07-03 09:56:29,018 [myid:1] - WARN  [QuorumPeer[myid=1]/0:0:0:0:0:0:0:0:2181:QuorumCnxManager@400] - Cannot open channel to 3 at election address slaver2/192.100.50.171:3888
java.net.ConnectException: Connection refused (Connection refused)
	at java.net.PlainSocketImpl.socketConnect(Native Method)
	at java.net.AbstractPlainSocketImpl.doConnect(AbstractPlainSocketImpl.java:350)
	at java.net.AbstractPlainSocketImpl.connectToAddress(AbstractPlainSocketImpl.java:206)
	at java.net.AbstractPlainSocketImpl.connect(AbstractPlainSocketImpl.java:188)
	at java.net.SocksSocketImpl.connect(SocksSocketImpl.java:392)
	at java.net.Socket.connect(Socket.java:589)
	at org.apache.zookeeper.server.quorum.QuorumCnxManager.connectOne(QuorumCnxManager.java:381)
	at org.apache.zookeeper.server.quorum.QuorumCnxManager.connectAll(QuorumCnxManager.java:426)
	at org.apache.zookeeper.server.quorum.FastLeaderElection.lookForLeader(FastLeaderElection.java:843)
	at org.apache.zookeeper.server.quorum.QuorumPeer.run(QuorumPeer.java:822)
2018-07-03 09:56:29,019 [myid:1] - INFO  [QuorumPeer[myid=1]/0:0:0:0:0:0:0:0:2181:QuorumPeer$QuorumServer@149] - Resolved hostname: slaver2 to address: slaver2/192.100.50.171
2018-07-03 09:56:29,019 [myid:1] - INFO  [QuorumPeer[myid=1]/0:0:0:0:0:0:0:0:2181:FastLeaderElection@852] - Notification time out: 800
2018-07-03 09:56:29,822 [myid:1] - WARN  [QuorumPeer[myid=1]/0:0:0:0:0:0:0:0:2181:QuorumCnxManager@400] - Cannot open channel to 2 at election address slaver1/192.100.50.170:3888
java.net.ConnectException: Connection refused (Connection refused)
	at java.net.PlainSocketImpl.socketConnect(Native Method)
	at java.net.AbstractPlainSocketImpl.doConnect(AbstractPlainSocketImpl.java:350)
	at java.net.AbstractPlainSocketImpl.connectToAddress(AbstractPlainSocketImpl.java:206)
	at java.net.AbstractPlainSocketImpl.connect(AbstractPlainSocketImpl.java:188)
	at java.net.SocksSocketImpl.connect(SocksSocketImpl.java:392)
	at java.net.Socket.connect(Socket.java:589)
	at org.apache.zookeeper.server.quorum.QuorumCnxManager.connectOne(QuorumCnxManager.java:381)
	at org.apache.zookeeper.server.quorum.QuorumCnxManager.connectAll(QuorumCnxManager.java:426)
	at org.apache.zookeeper.server.quorum.FastLeaderElection.lookForLeader(FastLeaderElection.java:843)
	at org.apache.zookeeper.server.quorum.QuorumPeer.run(QuorumPeer.java:822)
2018-07-03 09:56:29,822 [myid:1] - INFO  [QuorumPeer[myid=1]/0:0:0:0:0:0:0:0:2181:QuorumPeer$QuorumServer@149] - Resolved hostname: slaver1 to address: slaver1/192.100.50.170
2018-07-03 09:56:29,824 [myid:1] - WARN  [QuorumPeer[myid=1]/0:0:0:0:0:0:0:0:2181:QuorumCnxManager@400] - Cannot open channel to 3 at election address slaver2/192.100.50.171:3888
java.net.ConnectException: Connection refused (Connection refused)
	at java.net.PlainSocketImpl.socketConnect(Native Method)
	at java.net.AbstractPlainSocketImpl.doConnect(AbstractPlainSocketImpl.java:350)
	at java.net.AbstractPlainSocketImpl.connectToAddress(AbstractPlainSocketImpl.java:206)
	at java.net.AbstractPlainSocketImpl.connect(AbstractPlainSocketImpl.java:188)
	at java.net.SocksSocketImpl.connect(SocksSocketImpl.java:392)
	at java.net.Socket.connect(Socket.java:589)
	at org.apache.zookeeper.server.quorum.QuorumCnxManager.connectOne(QuorumCnxManager.java:381)
	at org.apache.zookeeper.server.quorum.QuorumCnxManager.connectAll(QuorumCnxManager.java:426)
	at org.apache.zookeeper.server.quorum.FastLeaderElection.lookForLeader(FastLeaderElection.java:843)
	at org.apache.zookeeper.server.quorum.QuorumPeer.run(QuorumPeer.java:822)
2018-07-03 09:56:29,825 [myid:1] - INFO  [QuorumPeer[myid=1]/0:0:0:0:0:0:0:0:2181:QuorumPeer$QuorumServer@149] - Resolved hostname: slaver2 to address: slaver2/192.100.50.171
2018-07-03 09:56:29,825 [myid:1] - INFO  [QuorumPeer[myid=1]/0:0:0:0:0:0:0:0:2181:FastLeaderElection@852] - Notification time out: 1600
2018-07-03 09:56:31,429 [myid:1] - WARN  [QuorumPeer[myid=1]/0:0:0:0:0:0:0:0:2181:QuorumCnxManager@400] - Cannot open channel to 2 at election address slaver1/192.100.50.170:3888
java.net.ConnectException: Connection refused (Connection refused)
	at java.net.PlainSocketImpl.socketConnect(Native Method)
	at java.net.AbstractPlainSocketImpl.doConnect(AbstractPlainSocketImpl.java:350)
	at java.net.AbstractPlainSocketImpl.connectToAddress(AbstractPlainSocketImpl.java:206)
	at java.net.AbstractPlainSocketImpl.connect(AbstractPlainSocketImpl.java:188)
	at java.net.SocksSocketImpl.connect(SocksSocketImpl.java:392)
	at java.net.Socket.connect(Socket.java:589)
	at org.apache.zookeeper.server.quorum.QuorumCnxManager.connectOne(QuorumCnxManager.java:381)
	at org.apache.zookeeper.server.quorum.QuorumCnxManager.connectAll(QuorumCnxManager.java:426)
	at org.apache.zookeeper.server.quorum.FastLeaderElection.lookForLeader(FastLeaderElection.java:843)
	at org.apache.zookeeper.server.quorum.QuorumPeer.run(QuorumPeer.java:822)
2018-07-03 09:56:31,429 [myid:1] - INFO  [QuorumPeer[myid=1]/0:0:0:0:0:0:0:0:2181:QuorumPeer$QuorumServer@149] - Resolved hostname: slaver1 to address: slaver1/192.100.50.170
2018-07-03 09:56:31,432 [myid:1] - WARN  [QuorumPeer[myid=1]/0:0:0:0:0:0:0:0:2181:QuorumCnxManager@400] - Cannot open channel to 3 at election address slaver2/192.100.50.171:3888
java.net.ConnectException: Connection refused (Connection refused)
	at java.net.PlainSocketImpl.socketConnect(Native Method)
	at java.net.AbstractPlainSocketImpl.doConnect(AbstractPlainSocketImpl.java:350)
	at java.net.AbstractPlainSocketImpl.connectToAddress(AbstractPlainSocketImpl.java:206)
	at java.net.AbstractPlainSocketImpl.connect(AbstractPlainSocketImpl.java:188)
	at java.net.SocksSocketImpl.connect(SocksSocketImpl.java:392)
	at java.net.Socket.connect(Socket.java:589)
	at org.apache.zookeeper.server.quorum.QuorumCnxManager.connectOne(QuorumCnxManager.java:381)
	at org.apache.zookeeper.server.quorum.QuorumCnxManager.connectAll(QuorumCnxManager.java:426)
	at org.apache.zookeeper.server.quorum.FastLeaderElection.lookForLeader(FastLeaderElection.java:843)
	at org.apache.zookeeper.server.quorum.QuorumPeer.run(QuorumPeer.java:822)
2018-07-03 09:56:31,433 [myid:1] - INFO  [QuorumPeer[myid=1]/0:0:0:0:0:0:0:0:2181:QuorumPeer$QuorumServer@149] - Resolved hostname: slaver2 to address: slaver2/192.100.50.171
2018-07-03 09:56:31,433 [myid:1] - INFO  [QuorumPeer[myid=1]/0:0:0:0:0:0:0:0:2181:FastLeaderElection@852] - Notification time out: 3200
2018-07-03 09:56:32,897 [myid:1] - INFO  [master/192.100.50.169:3888:QuorumCnxManager$Listener@541] - Received connection request /192.100.50.170:58406
2018-07-03 09:56:32,901 [myid:1] - INFO  [WorkerReceiver[myid=1]:FastLeaderElection@600] - Notification: 1 (message format version), 2 (n.leader), 0x30000000d (n.zxid), 0x1 (n.round), LOOKING (n.state), 2 (n.sid), 0x4 (n.peerEpoch) LOOKING (my state)
2018-07-03 09:56:32,902 [myid:1] - INFO  [WorkerReceiver[myid=1]:FastLeaderElection@600] - Notification: 1 (message format version), 2 (n.leader), 0x30000000d (n.zxid), 0x1 (n.round), LOOKING (n.state), 1 (n.sid), 0x4 (n.peerEpoch) LOOKING (my state)
2018-07-03 09:56:32,903 [myid:1] - WARN  [WorkerSender[myid=1]:QuorumCnxManager@400] - Cannot open channel to 3 at election address slaver2/192.100.50.171:3888
java.net.ConnectException: Connection refused (Connection refused)
	at java.net.PlainSocketImpl.socketConnect(Native Method)
	at java.net.AbstractPlainSocketImpl.doConnect(AbstractPlainSocketImpl.java:350)
	at java.net.AbstractPlainSocketImpl.connectToAddress(AbstractPlainSocketImpl.java:206)
	at java.net.AbstractPlainSocketImpl.connect(AbstractPlainSocketImpl.java:188)
	at java.net.SocksSocketImpl.connect(SocksSocketImpl.java:392)
	at java.net.Socket.connect(Socket.java:589)
	at org.apache.zookeeper.server.quorum.QuorumCnxManager.connectOne(QuorumCnxManager.java:381)
	at org.apache.zookeeper.server.quorum.QuorumCnxManager.toSend(QuorumCnxManager.java:354)
	at org.apache.zookeeper.server.quorum.FastLeaderElection$Messenger$WorkerSender.process(FastLeaderElection.java:452)
	at org.apache.zookeeper.server.quorum.FastLeaderElection$Messenger$WorkerSender.run(FastLeaderElection.java:433)
	at java.lang.Thread.run(Thread.java:748)
2018-07-03 09:56:32,903 [myid:1] - INFO  [WorkerSender[myid=1]:QuorumPeer$QuorumServer@149] - Resolved hostname: slaver2 to address: slaver2/192.100.50.171
2018-07-03 09:56:33,104 [myid:1] - INFO  [QuorumPeer[myid=1]/0:0:0:0:0:0:0:0:2181:QuorumPeer@844] - FOLLOWING
2018-07-03 09:56:33,113 [myid:1] - INFO  [QuorumPeer[myid=1]/0:0:0:0:0:0:0:0:2181:Learner@86] - TCP NoDelay set to: true
2018-07-03 09:56:33,126 [myid:1] - INFO  [QuorumPeer[myid=1]/0:0:0:0:0:0:0:0:2181:Environment@100] - Server environment:zookeeper.version=3.4.9-1757313, built on 08/23/2016 06:50 GMT
2018-07-03 09:56:33,127 [myid:1] - INFO  [QuorumPeer[myid=1]/0:0:0:0:0:0:0:0:2181:Environment@100] - Server environment:host.name=master
2018-07-03 09:56:33,127 [myid:1] - INFO  [QuorumPeer[myid=1]/0:0:0:0:0:0:0:0:2181:Environment@100] - Server environment:java.version=1.8.0_144
2018-07-03 09:56:33,127 [myid:1] - INFO  [QuorumPeer[myid=1]/0:0:0:0:0:0:0:0:2181:Environment@100] - Server environment:java.vendor=Oracle Corporation
2018-07-03 09:56:33,127 [myid:1] - INFO  [QuorumPeer[myid=1]/0:0:0:0:0:0:0:0:2181:Environment@100] - Server environment:java.home=/usr/java/jdk1.8.0_144/jre
2018-07-03 09:56:33,127 [myid:1] - INFO  [QuorumPeer[myid=1]/0:0:0:0:0:0:0:0:2181:Environment@100] - Server environment:java.class.path=/opt/zookeeper/bin/../build/classes:/opt/zookeeper/bin/../build/lib/*.jar:/opt/zookeeper/bin/../lib/slf4j-log4j12-1.6.1.jar:/opt/zookeeper/bin/../lib/slf4j-api-1.6.1.jar:/opt/zookeeper/bin/../lib/netty-3.10.5.Final.jar:/opt/zookeeper/bin/../lib/log4j-1.2.16.jar:/opt/zookeeper/bin/../lib/jline-0.9.94.jar:/opt/zookeeper/bin/../zookeeper-3.4.9.jar:/opt/zookeeper/bin/../src/java/lib/*.jar:/opt/zookeeper/bin/../conf:.:/usr/java/java/lib/dt.jar:/usr/java/java/lib/tools.jar:/usr/java/java/jre/lib/rt.jar
2018-07-03 09:56:33,127 [myid:1] - INFO  [QuorumPeer[myid=1]/0:0:0:0:0:0:0:0:2181:Environment@100] - Server environment:java.library.path=/usr/java/packages/lib/amd64:/usr/lib64:/lib64:/lib:/usr/lib
2018-07-03 09:56:33,127 [myid:1] - INFO  [QuorumPeer[myid=1]/0:0:0:0:0:0:0:0:2181:Environment@100] - Server environment:java.io.tmpdir=/tmp
2018-07-03 09:56:33,127 [myid:1] - INFO  [QuorumPeer[myid=1]/0:0:0:0:0:0:0:0:2181:Environment@100] - Server environment:java.compiler=<NA>
2018-07-03 09:56:33,127 [myid:1] - INFO  [QuorumPeer[myid=1]/0:0:0:0:0:0:0:0:2181:Environment@100] - Server environment:os.name=Linux
2018-07-03 09:56:33,127 [myid:1] - INFO  [QuorumPeer[myid=1]/0:0:0:0:0:0:0:0:2181:Environment@100] - Server environment:os.arch=amd64
2018-07-03 09:56:33,127 [myid:1] - INFO  [QuorumPeer[myid=1]/0:0:0:0:0:0:0:0:2181:Environment@100] - Server environment:os.version=3.10.0-693.2.2.el7.x86_64
2018-07-03 09:56:33,127 [myid:1] - INFO  [QuorumPeer[myid=1]/0:0:0:0:0:0:0:0:2181:Environment@100] - Server environment:user.name=root
2018-07-03 09:56:33,127 [myid:1] - INFO  [QuorumPeer[myid=1]/0:0:0:0:0:0:0:0:2181:Environment@100] - Server environment:user.home=/root
2018-07-03 09:56:33,128 [myid:1] - INFO  [QuorumPeer[myid=1]/0:0:0:0:0:0:0:0:2181:Environment@100] - Server environment:user.dir=/tmp/hadoop-3.0.3-ha
2018-07-03 09:56:33,129 [myid:1] - INFO  [QuorumPeer[myid=1]/0:0:0:0:0:0:0:0:2181:ZooKeeperServer@173] - Created server with tickTime 2000 minSessionTimeout 4000 maxSessionTimeout 40000 datadir /opt/zookeeper/version-2 snapdir /opt/zookeeper/version-2
2018-07-03 09:56:33,131 [myid:1] - INFO  [QuorumPeer[myid=1]/0:0:0:0:0:0:0:0:2181:Follower@61] - FOLLOWING - LEADER ELECTION TOOK - 4735
2018-07-03 09:56:33,133 [myid:1] - INFO  [QuorumPeer[myid=1]/0:0:0:0:0:0:0:0:2181:QuorumPeer$QuorumServer@149] - Resolved hostname: slaver1 to address: slaver1/192.100.50.170
2018-07-03 09:56:33,161 [myid:1] - INFO  [QuorumPeer[myid=1]/0:0:0:0:0:0:0:0:2181:Learner@326] - Getting a diff from the leader 0x30000000d
2018-07-03 09:56:33,164 [myid:1] - INFO  [QuorumPeer[myid=1]/0:0:0:0:0:0:0:0:2181:FileTxnSnapLog@240] - Snapshotting: 0x30000000d to /opt/zookeeper/version-2/snapshot.30000000d
2018-07-03 09:56:37,344 [myid:1] - INFO  [master/192.100.50.169:3888:QuorumCnxManager$Listener@541] - Received connection request /192.100.50.171:58720
2018-07-03 09:56:37,348 [myid:1] - INFO  [WorkerReceiver[myid=1]:FastLeaderElection@600] - Notification: 1 (message format version), 3 (n.leader), 0x30000000d (n.zxid), 0x1 (n.round), LOOKING (n.state), 3 (n.sid), 0x4 (n.peerEpoch) FOLLOWING (my state)
2018-07-03 09:57:14,714 [myid:1] - WARN  [QuorumPeer[myid=1]/0:0:0:0:0:0:0:0:2181:Follower@116] - Got zxid 0x500000001 expected 0x1
2018-07-03 09:57:14,715 [myid:1] - INFO  [SyncThread:1:FileTxnLog@203] - Creating new log file: log.500000001
2018-07-03 09:57:18,142 [myid:1] - INFO  [NIOServerCxn.Factory:0.0.0.0/0.0.0.0:2181:NIOServerCnxnFactory@192] - Accepted socket connection from /192.100.50.171:36574
2018-07-03 09:57:18,147 [myid:1] - INFO  [NIOServerCxn.Factory:0.0.0.0/0.0.0.0:2181:ZooKeeperServer@928] - Client attempting to establish new session at /192.100.50.171:36574
2018-07-03 09:57:18,188 [myid:1] - INFO  [CommitProcessor:1:ZooKeeperServer@673] - Established session 0x164606e370b0000 with negotiated timeout 10000 for client /192.100.50.171:36574
2018-07-03 11:18:32,411 [myid:1] - WARN  [RecvWorker:2:QuorumCnxManager$RecvWorker@810] - Connection broken for id 2, my id = 1, error = 
java.io.EOFException
	at java.io.DataInputStream.readInt(DataInputStream.java:392)
	at org.apache.zookeeper.server.quorum.QuorumCnxManager$RecvWorker.run(QuorumCnxManager.java:795)
2018-07-03 11:18:32,412 [myid:1] - WARN  [RecvWorker:2:QuorumCnxManager$RecvWorker@813] - Interrupting SendWorker
2018-07-03 11:18:32,413 [myid:1] - WARN  [QuorumPeer[myid=1]/0:0:0:0:0:0:0:0:2181:Follower@87] - Exception when following the leader
java.io.EOFException
	at java.io.DataInputStream.readInt(DataInputStream.java:392)
	at org.apache.jute.BinaryInputArchive.readInt(BinaryInputArchive.java:63)
	at org.apache.zookeeper.server.quorum.QuorumPacket.deserialize(QuorumPacket.java:83)
	at org.apache.jute.BinaryInputArchive.readRecord(BinaryInputArchive.java:99)
	at org.apache.zookeeper.server.quorum.Learner.readPacket(Learner.java:153)
	at org.apache.zookeeper.server.quorum.Follower.followLeader(Follower.java:83)
	at org.apache.zookeeper.server.quorum.QuorumPeer.run(QuorumPeer.java:846)
2018-07-03 11:18:32,414 [myid:1] - INFO  [QuorumPeer[myid=1]/0:0:0:0:0:0:0:0:2181:Follower@164] - shutdown called
java.lang.Exception: shutdown Follower
	at org.apache.zookeeper.server.quorum.Follower.shutdown(Follower.java:164)
	at org.apache.zookeeper.server.quorum.QuorumPeer.run(QuorumPeer.java:850)
2018-07-03 11:18:32,414 [myid:1] - WARN  [SendWorker:2:QuorumCnxManager$SendWorker@727] - Interrupted while waiting for message on queue
java.lang.InterruptedException
	at java.util.concurrent.locks.AbstractQueuedSynchronizer$ConditionObject.reportInterruptAfterWait(AbstractQueuedSynchronizer.java:2014)
	at java.util.concurrent.locks.AbstractQueuedSynchronizer$ConditionObject.awaitNanos(AbstractQueuedSynchronizer.java:2088)
	at java.util.concurrent.ArrayBlockingQueue.poll(ArrayBlockingQueue.java:418)
	at org.apache.zookeeper.server.quorum.QuorumCnxManager.pollSendQueue(QuorumCnxManager.java:879)
	at org.apache.zookeeper.server.quorum.QuorumCnxManager.access$500(QuorumCnxManager.java:65)
	at org.apache.zookeeper.server.quorum.QuorumCnxManager$SendWorker.run(QuorumCnxManager.java:715)
2018-07-03 11:18:32,416 [myid:1] - WARN  [SendWorker:2:QuorumCnxManager$SendWorker@736] - Send worker leaving thread
2018-07-03 11:18:32,416 [myid:1] - INFO  [QuorumPeer[myid=1]/0:0:0:0:0:0:0:0:2181:NIOServerCnxn@1008] - Closed socket connection for client /192.100.50.171:36574 which had sessionid 0x164606e370b0000
2018-07-03 11:18:32,417 [myid:1] - INFO  [QuorumPeer[myid=1]/0:0:0:0:0:0:0:0:2181:FollowerZooKeeperServer@140] - Shutting down
2018-07-03 11:18:32,418 [myid:1] - INFO  [QuorumPeer[myid=1]/0:0:0:0:0:0:0:0:2181:ZooKeeperServer@497] - shutting down
2018-07-03 11:18:32,418 [myid:1] - INFO  [QuorumPeer[myid=1]/0:0:0:0:0:0:0:0:2181:FollowerRequestProcessor@107] - Shutting down
2018-07-03 11:18:32,418 [myid:1] - INFO  [QuorumPeer[myid=1]/0:0:0:0:0:0:0:0:2181:CommitProcessor@184] - Shutting down
2018-07-03 11:18:32,418 [myid:1] - INFO  [QuorumPeer[myid=1]/0:0:0:0:0:0:0:0:2181:FinalRequestProcessor@402] - shutdown of request processor complete
2018-07-03 11:18:32,418 [myid:1] - INFO  [QuorumPeer[myid=1]/0:0:0:0:0:0:0:0:2181:SyncRequestProcessor@208] - Shutting down
2018-07-03 11:18:32,418 [myid:1] - INFO  [FollowerRequestProcessor:1:FollowerRequestProcessor@97] - FollowerRequestProcessor exited loop!
2018-07-03 11:18:32,419 [myid:1] - INFO  [CommitProcessor:1:CommitProcessor@153] - CommitProcessor exited loop!
2018-07-03 11:18:32,419 [myid:1] - INFO  [SyncThread:1:SyncRequestProcessor@186] - SyncRequestProcessor exited!
2018-07-03 11:18:32,423 [myid:1] - INFO  [QuorumPeer[myid=1]/0:0:0:0:0:0:0:0:2181:QuorumPeer@774] - LOOKING
2018-07-03 11:18:32,425 [myid:1] - INFO  [QuorumPeer[myid=1]/0:0:0:0:0:0:0:0:2181:FileSnap@83] - Reading snapshot /opt/zookeeper/version-2/snapshot.30000000d
2018-07-03 11:18:32,427 [myid:1] - INFO  [QuorumPeer[myid=1]/0:0:0:0:0:0:0:0:2181:FastLeaderElection@818] - New election. My id =  1, proposed zxid=0x500000007
2018-07-03 11:18:32,429 [myid:1] - INFO  [WorkerReceiver[myid=1]:FastLeaderElection@600] - Notification: 1 (message format version), 1 (n.leader), 0x500000007 (n.zxid), 0x2 (n.round), LOOKING (n.state), 1 (n.sid), 0x5 (n.peerEpoch) LOOKING (my state)
2018-07-03 11:18:32,433 [myid:1] - WARN  [WorkerSender[myid=1]:QuorumCnxManager@400] - Cannot open channel to 2 at election address slaver1/192.100.50.170:3888
java.net.ConnectException: Connection refused (Connection refused)
	at java.net.PlainSocketImpl.socketConnect(Native Method)
	at java.net.AbstractPlainSocketImpl.doConnect(AbstractPlainSocketImpl.java:350)
	at java.net.AbstractPlainSocketImpl.connectToAddress(AbstractPlainSocketImpl.java:206)
	at java.net.AbstractPlainSocketImpl.connect(AbstractPlainSocketImpl.java:188)
	at java.net.SocksSocketImpl.connect(SocksSocketImpl.java:392)
	at java.net.Socket.connect(Socket.java:589)
	at org.apache.zookeeper.server.quorum.QuorumCnxManager.connectOne(QuorumCnxManager.java:381)
	at org.apache.zookeeper.server.quorum.QuorumCnxManager.toSend(QuorumCnxManager.java:354)
	at org.apache.zookeeper.server.quorum.FastLeaderElection$Messenger$WorkerSender.process(FastLeaderElection.java:452)
	at org.apache.zookeeper.server.quorum.FastLeaderElection$Messenger$WorkerSender.run(FastLeaderElection.java:433)
	at java.lang.Thread.run(Thread.java:748)
2018-07-03 11:18:32,434 [myid:1] - INFO  [WorkerSender[myid=1]:QuorumPeer$QuorumServer@149] - Resolved hostname: slaver1 to address: slaver1/192.100.50.170
2018-07-03 11:18:32,435 [myid:1] - INFO  [WorkerReceiver[myid=1]:FastLeaderElection@600] - Notification: 1 (message format version), 3 (n.leader), 0x500000007 (n.zxid), 0x2 (n.round), LOOKING (n.state), 3 (n.sid), 0x5 (n.peerEpoch) LOOKING (my state)
2018-07-03 11:18:32,435 [myid:1] - INFO  [WorkerReceiver[myid=1]:FastLeaderElection@600] - Notification: 1 (message format version), 3 (n.leader), 0x500000007 (n.zxid), 0x2 (n.round), LOOKING (n.state), 1 (n.sid), 0x5 (n.peerEpoch) LOOKING (my state)
2018-07-03 11:18:32,436 [myid:1] - WARN  [WorkerSender[myid=1]:QuorumCnxManager@400] - Cannot open channel to 2 at election address slaver1/192.100.50.170:3888
java.net.ConnectException: Connection refused (Connection refused)
	at java.net.PlainSocketImpl.socketConnect(Native Method)
	at java.net.AbstractPlainSocketImpl.doConnect(AbstractPlainSocketImpl.java:350)
	at java.net.AbstractPlainSocketImpl.connectToAddress(AbstractPlainSocketImpl.java:206)
	at java.net.AbstractPlainSocketImpl.connect(AbstractPlainSocketImpl.java:188)
	at java.net.SocksSocketImpl.connect(SocksSocketImpl.java:392)
	at java.net.Socket.connect(Socket.java:589)
	at org.apache.zookeeper.server.quorum.QuorumCnxManager.connectOne(QuorumCnxManager.java:381)
	at org.apache.zookeeper.server.quorum.QuorumCnxManager.toSend(QuorumCnxManager.java:354)
	at org.apache.zookeeper.server.quorum.FastLeaderElection$Messenger$WorkerSender.process(FastLeaderElection.java:452)
	at org.apache.zookeeper.server.quorum.FastLeaderElection$Messenger$WorkerSender.run(FastLeaderElection.java:433)
	at java.lang.Thread.run(Thread.java:748)
2018-07-03 11:18:32,436 [myid:1] - INFO  [WorkerSender[myid=1]:QuorumPeer$QuorumServer@149] - Resolved hostname: slaver1 to address: slaver1/192.100.50.170
2018-07-03 11:18:32,637 [myid:1] - INFO  [QuorumPeer[myid=1]/0:0:0:0:0:0:0:0:2181:QuorumPeer@844] - FOLLOWING
2018-07-03 11:18:32,637 [myid:1] - INFO  [QuorumPeer[myid=1]/0:0:0:0:0:0:0:0:2181:ZooKeeperServer@173] - Created server with tickTime 2000 minSessionTimeout 4000 maxSessionTimeout 40000 datadir /opt/zookeeper/version-2 snapdir /opt/zookeeper/version-2
2018-07-03 11:18:32,637 [myid:1] - INFO  [QuorumPeer[myid=1]/0:0:0:0:0:0:0:0:2181:Follower@61] - FOLLOWING - LEADER ELECTION TOOK - 212
2018-07-03 11:18:32,638 [myid:1] - INFO  [QuorumPeer[myid=1]/0:0:0:0:0:0:0:0:2181:QuorumPeer$QuorumServer@149] - Resolved hostname: slaver2 to address: slaver2/192.100.50.171
2018-07-03 11:18:32,639 [myid:1] - WARN  [QuorumPeer[myid=1]/0:0:0:0:0:0:0:0:2181:Learner@236] - Unexpected exception, tries=0, connecting to slaver2/192.100.50.171:2888
java.net.ConnectException: Connection refused (Connection refused)
	at java.net.PlainSocketImpl.socketConnect(Native Method)
	at java.net.AbstractPlainSocketImpl.doConnect(AbstractPlainSocketImpl.java:350)
	at java.net.AbstractPlainSocketImpl.connectToAddress(AbstractPlainSocketImpl.java:206)
	at java.net.AbstractPlainSocketImpl.connect(AbstractPlainSocketImpl.java:188)
	at java.net.SocksSocketImpl.connect(SocksSocketImpl.java:392)
	at java.net.Socket.connect(Socket.java:589)
	at org.apache.zookeeper.server.quorum.Learner.connectToLeader(Learner.java:228)
	at org.apache.zookeeper.server.quorum.Follower.followLeader(Follower.java:69)
	at org.apache.zookeeper.server.quorum.QuorumPeer.run(QuorumPeer.java:846)
2018-07-03 11:18:33,182 [myid:1] - INFO  [NIOServerCxn.Factory:0.0.0.0/0.0.0.0:2181:NIOServerCnxnFactory@192] - Accepted socket connection from /192.100.50.169:58240
2018-07-03 11:18:33,182 [myid:1] - WARN  [NIOServerCxn.Factory:0.0.0.0/0.0.0.0:2181:NIOServerCnxn@362] - Exception causing close of session 0x0 due to java.io.IOException: ZooKeeperServer not running
2018-07-03 11:18:33,183 [myid:1] - INFO  [NIOServerCxn.Factory:0.0.0.0/0.0.0.0:2181:NIOServerCnxn@1008] - Closed socket connection for client /192.100.50.169:58240 (no session established for client)
2018-07-03 11:18:33,648 [myid:1] - INFO  [QuorumPeer[myid=1]/0:0:0:0:0:0:0:0:2181:Learner@326] - Getting a diff from the leader 0x500000007
2018-07-03 11:18:33,649 [myid:1] - INFO  [QuorumPeer[myid=1]/0:0:0:0:0:0:0:0:2181:FileTxnSnapLog@240] - Snapshotting: 0x500000007 to /opt/zookeeper/version-2/snapshot.500000007
2018-07-03 11:18:35,085 [myid:1] - WARN  [QuorumPeer[myid=1]/0:0:0:0:0:0:0:0:2181:Follower@116] - Got zxid 0x600000001 expected 0x1
2018-07-03 11:18:36,556 [myid:1] - WARN  [RecvWorker:3:QuorumCnxManager$RecvWorker@810] - Connection broken for id 3, my id = 1, error = 
java.io.EOFException
	at java.io.DataInputStream.readInt(DataInputStream.java:392)
	at org.apache.zookeeper.server.quorum.QuorumCnxManager$RecvWorker.run(QuorumCnxManager.java:795)
2018-07-03 11:18:36,556 [myid:1] - WARN  [RecvWorker:3:QuorumCnxManager$RecvWorker@813] - Interrupting SendWorker
2018-07-03 11:18:36,556 [myid:1] - WARN  [QuorumPeer[myid=1]/0:0:0:0:0:0:0:0:2181:Follower@87] - Exception when following the leader
java.io.EOFException
	at java.io.DataInputStream.readInt(DataInputStream.java:392)
	at org.apache.jute.BinaryInputArchive.readInt(BinaryInputArchive.java:63)
	at org.apache.zookeeper.server.quorum.QuorumPacket.deserialize(QuorumPacket.java:83)
	at org.apache.jute.BinaryInputArchive.readRecord(BinaryInputArchive.java:99)
	at org.apache.zookeeper.server.quorum.Learner.readPacket(Learner.java:153)
	at org.apache.zookeeper.server.quorum.Follower.followLeader(Follower.java:83)
	at org.apache.zookeeper.server.quorum.QuorumPeer.run(QuorumPeer.java:846)
2018-07-03 11:18:36,557 [myid:1] - INFO  [QuorumPeer[myid=1]/0:0:0:0:0:0:0:0:2181:Follower@164] - shutdown called
java.lang.Exception: shutdown Follower
	at org.apache.zookeeper.server.quorum.Follower.shutdown(Follower.java:164)
	at org.apache.zookeeper.server.quorum.QuorumPeer.run(QuorumPeer.java:850)
2018-07-03 11:18:36,557 [myid:1] - INFO  [QuorumPeer[myid=1]/0:0:0:0:0:0:0:0:2181:FollowerZooKeeperServer@140] - Shutting down
2018-07-03 11:18:36,557 [myid:1] - INFO  [QuorumPeer[myid=1]/0:0:0:0:0:0:0:0:2181:ZooKeeperServer@497] - shutting down
2018-07-03 11:18:36,557 [myid:1] - INFO  [QuorumPeer[myid=1]/0:0:0:0:0:0:0:0:2181:FollowerRequestProcessor@107] - Shutting down
2018-07-03 11:18:36,557 [myid:1] - INFO  [QuorumPeer[myid=1]/0:0:0:0:0:0:0:0:2181:CommitProcessor@184] - Shutting down
2018-07-03 11:18:36,557 [myid:1] - INFO  [QuorumPeer[myid=1]/0:0:0:0:0:0:0:0:2181:FinalRequestProcessor@402] - shutdown of request processor complete
2018-07-03 11:18:36,557 [myid:1] - INFO  [QuorumPeer[myid=1]/0:0:0:0:0:0:0:0:2181:SyncRequestProcessor@208] - Shutting down
2018-07-03 11:18:36,559 [myid:1] - INFO  [FollowerRequestProcessor:1:FollowerRequestProcessor@97] - FollowerRequestProcessor exited loop!
2018-07-03 11:18:36,559 [myid:1] - INFO  [CommitProcessor:1:CommitProcessor@153] - CommitProcessor exited loop!
2018-07-03 11:18:36,559 [myid:1] - INFO  [SyncThread:1:SyncRequestProcessor@186] - SyncRequestProcessor exited!
2018-07-03 11:18:36,560 [myid:1] - WARN  [SendWorker:3:QuorumCnxManager$SendWorker@727] - Interrupted while waiting for message on queue
java.lang.InterruptedException
	at java.util.concurrent.locks.AbstractQueuedSynchronizer$ConditionObject.reportInterruptAfterWait(AbstractQueuedSynchronizer.java:2014)
	at java.util.concurrent.locks.AbstractQueuedSynchronizer$ConditionObject.awaitNanos(AbstractQueuedSynchronizer.java:2088)
	at java.util.concurrent.ArrayBlockingQueue.poll(ArrayBlockingQueue.java:418)
	at org.apache.zookeeper.server.quorum.QuorumCnxManager.pollSendQueue(QuorumCnxManager.java:879)
	at org.apache.zookeeper.server.quorum.QuorumCnxManager.access$500(QuorumCnxManager.java:65)
	at org.apache.zookeeper.server.quorum.QuorumCnxManager$SendWorker.run(QuorumCnxManager.java:715)
2018-07-03 11:18:36,560 [myid:1] - WARN  [SendWorker:3:QuorumCnxManager$SendWorker@736] - Send worker leaving thread
2018-07-03 11:18:36,562 [myid:1] - INFO  [QuorumPeer[myid=1]/0:0:0:0:0:0:0:0:2181:QuorumPeer@774] - LOOKING
2018-07-03 11:18:36,562 [myid:1] - INFO  [QuorumPeer[myid=1]/0:0:0:0:0:0:0:0:2181:FileSnap@83] - Reading snapshot /opt/zookeeper/version-2/snapshot.500000007
2018-07-03 11:18:36,564 [myid:1] - INFO  [QuorumPeer[myid=1]/0:0:0:0:0:0:0:0:2181:FastLeaderElection@818] - New election. My id =  1, proposed zxid=0x600000001
2018-07-03 11:18:36,564 [myid:1] - INFO  [WorkerReceiver[myid=1]:FastLeaderElection@600] - Notification: 1 (message format version), 1 (n.leader), 0x600000001 (n.zxid), 0x3 (n.round), LOOKING (n.state), 1 (n.sid), 0x6 (n.peerEpoch) LOOKING (my state)
2018-07-03 11:18:36,768 [myid:1] - INFO  [QuorumPeer[myid=1]/0:0:0:0:0:0:0:0:2181:FastLeaderElection@852] - Notification time out: 400
2018-07-03 11:18:37,169 [myid:1] - INFO  [QuorumPeer[myid=1]/0:0:0:0:0:0:0:0:2181:FastLeaderElection@852] - Notification time out: 800
2018-07-03 11:18:37,970 [myid:1] - INFO  [QuorumPeer[myid=1]/0:0:0:0:0:0:0:0:2181:FastLeaderElection@852] - Notification time out: 1600
2018-07-03 11:18:39,570 [myid:1] - INFO  [QuorumPeer[myid=1]/0:0:0:0:0:0:0:0:2181:FastLeaderElection@852] - Notification time out: 3200
2018-07-03 11:18:40,772 [myid:1] - INFO  [NIOServerCxn.Factory:0.0.0.0/0.0.0.0:2181:NIOServerCnxnFactory@192] - Accepted socket connection from /192.100.50.169:58258
2018-07-03 11:18:40,772 [myid:1] - WARN  [NIOServerCxn.Factory:0.0.0.0/0.0.0.0:2181:NIOServerCnxn@362] - Exception causing close of session 0x0 due to java.io.IOException: ZooKeeperServer not running
2018-07-03 11:18:40,773 [myid:1] - INFO  [NIOServerCxn.Factory:0.0.0.0/0.0.0.0:2181:NIOServerCnxn@1008] - Closed socket connection for client /192.100.50.169:58258 (no session established for client)
2018-07-03 11:18:41,569 [myid:1] - WARN  [WorkerSender[myid=1]:QuorumCnxManager@400] - Cannot open channel to 2 at election address slaver1/192.100.50.170:3888
java.net.SocketTimeoutException: connect timed out
	at java.net.PlainSocketImpl.socketConnect(Native Method)
	at java.net.AbstractPlainSocketImpl.doConnect(AbstractPlainSocketImpl.java:350)
	at java.net.AbstractPlainSocketImpl.connectToAddress(AbstractPlainSocketImpl.java:206)
	at java.net.AbstractPlainSocketImpl.connect(AbstractPlainSocketImpl.java:188)
	at java.net.SocksSocketImpl.connect(SocksSocketImpl.java:392)
	at java.net.Socket.connect(Socket.java:589)
	at org.apache.zookeeper.server.quorum.QuorumCnxManager.connectOne(QuorumCnxManager.java:381)
	at org.apache.zookeeper.server.quorum.QuorumCnxManager.toSend(QuorumCnxManager.java:354)
	at org.apache.zookeeper.server.quorum.FastLeaderElection$Messenger$WorkerSender.process(FastLeaderElection.java:452)
	at org.apache.zookeeper.server.quorum.FastLeaderElection$Messenger$WorkerSender.run(FastLeaderElection.java:433)
	at java.lang.Thread.run(Thread.java:748)
2018-07-03 11:18:41,569 [myid:1] - INFO  [WorkerSender[myid=1]:QuorumPeer$QuorumServer@149] - Resolved hostname: slaver1 to address: slaver1/192.100.50.170
